<?xml version="1.0" encoding="UTF-8" ?>
<testsuite failures="2" time="0.625" errors="1" skipped="0" tests="5" name="com.excilys.projet.banque.dao.impl.AuthDAOImplTest">
  <properties>
    <property name="java.runtime.name" value="Java(TM) SE Runtime Environment"/>
    <property name="sun.boot.library.path" value="/opt/jdk1.6.0_23/jre/lib/i386"/>
    <property name="java.vm.version" value="19.0-b09"/>
    <property name="java.vm.vendor" value="Sun Microsystems Inc."/>
    <property name="java.vendor.url" value="http://java.sun.com/"/>
    <property name="path.separator" value=":"/>
    <property name="java.vm.name" value="Java HotSpot(TM) Server VM"/>
    <property name="file.encoding.pkg" value="sun.io"/>
    <property name="user.country" value="US"/>
    <property name="sun.java.launcher" value="SUN_STANDARD"/>
    <property name="sun.os.patch.level" value="unknown"/>
    <property name="java.vm.specification.name" value="Java Virtual Machine Specification"/>
    <property name="user.dir" value="/home/excilys/Desktop/Formation/Workspace/projet-banque/projet-banque-dao-impl"/>
    <property name="java.runtime.version" value="1.6.0_23-b05"/>
    <property name="java.awt.graphicsenv" value="sun.awt.X11GraphicsEnvironment"/>
    <property name="basedir" value="/home/excilys/Desktop/Formation/Workspace/projet-banque/projet-banque-dao-impl"/>
    <property name="java.endorsed.dirs" value="/opt/jdk1.6.0_23/jre/lib/endorsed"/>
    <property name="os.arch" value="i386"/>
    <property name="surefire.real.class.path" value="/home/excilys/Desktop/Formation/Workspace/projet-banque/projet-banque-dao-impl/target/surefire/surefirebooter7120471800711619976.jar"/>
    <property name="java.io.tmpdir" value="/tmp"/>
    <property name="line.separator" value="
"/>
    <property name="java.vm.specification.vendor" value="Sun Microsystems Inc."/>
    <property name="os.name" value="Linux"/>
    <property name="sun.jnu.encoding" value="UTF-8"/>
    <property name="java.library.path" value="/opt/jdk1.6.0_23/jre/lib/i386/server:/opt/jdk1.6.0_23/jre/lib/i386:/opt/jdk1.6.0_23/jre/../lib/i386:/opt/jdk1.6.0_23/jre/lib/i386/client:/opt/jdk1.6.0_23/jre/lib/i386:/usr/lib/xulrunner-addons:/usr/lib/xulrunner-addons:/usr/lib/xulrunner-addons:/usr/java/packages/lib/i386:/lib:/usr/lib"/>
    <property name="surefire.test.class.path" value="/home/excilys/Desktop/Formation/Workspace/projet-banque/projet-banque-dao-impl/target/test-classes:/home/excilys/Desktop/Formation/Workspace/projet-banque/projet-banque-dao-impl/target/classes:/home/excilys/Desktop/Formation/Workspace/projet-banque/projet-banque-dao-api/target/classes:/home/excilys/Desktop/Formation/Workspace/projet-banque/projet-banque-model/target/classes:/home/excilys/.m2/repository/org/hibernate/javax/persistence/hibernate-jpa-2.0-api/1.0.0.Final/hibernate-jpa-2.0-api-1.0.0.Final.jar:/home/excilys/.m2/repository/org/hibernate/hibernate-core/3.6.1.Final/hibernate-core-3.6.1.Final.jar:/home/excilys/.m2/repository/antlr/antlr/2.7.6/antlr-2.7.6.jar:/home/excilys/.m2/repository/commons-collections/commons-collections/3.1/commons-collections-3.1.jar:/home/excilys/.m2/repository/dom4j/dom4j/1.6.1/dom4j-1.6.1.jar:/home/excilys/.m2/repository/org/hibernate/hibernate-commons-annotations/3.2.0.Final/hibernate-commons-annotations-3.2.0.Final.jar:/home/excilys/.m2/repository/mysql/mysql-connector-java/5.1.14/mysql-connector-java-5.1.14.jar:/home/excilys/.m2/repository/javassist/javassist/3.12.1.GA/javassist-3.12.1.GA.jar:/home/excilys/.m2/repository/javax/transaction/jta/1.1/jta-1.1.jar:/home/excilys/.m2/repository/org/springframework/spring-orm/3.0.5.RELEASE/spring-orm-3.0.5.RELEASE.jar:/home/excilys/.m2/repository/org/springframework/spring-beans/3.0.5.RELEASE/spring-beans-3.0.5.RELEASE.jar:/home/excilys/.m2/repository/org/springframework/spring-core/3.0.5.RELEASE/spring-core-3.0.5.RELEASE.jar:/home/excilys/.m2/repository/commons-logging/commons-logging/99.0-does-not-exist/commons-logging-99.0-does-not-exist.jar:/home/excilys/.m2/repository/org/springframework/spring-jdbc/3.0.5.RELEASE/spring-jdbc-3.0.5.RELEASE.jar:/home/excilys/.m2/repository/org/springframework/spring-tx/3.0.5.RELEASE/spring-tx-3.0.5.RELEASE.jar:/home/excilys/.m2/repository/aopalliance/aopalliance/1.0/aopalliance-1.0.jar:/home/excilys/.m2/repository/org/springframework/security/spring-security-core/3.0.5.RELEASE/spring-security-core-3.0.5.RELEASE.jar:/home/excilys/.m2/repository/org/springframework/spring-expression/3.0.3.RELEASE/spring-expression-3.0.3.RELEASE.jar:/home/excilys/.m2/repository/org/springframework/spring-aop/3.0.3.RELEASE/spring-aop-3.0.3.RELEASE.jar:/home/excilys/.m2/repository/org/aspectj/aspectjrt/1.6.8/aspectjrt-1.6.8.jar:/home/excilys/.m2/repository/org/aspectj/aspectjweaver/1.6.8/aspectjweaver-1.6.8.jar:/home/excilys/.m2/repository/org/springframework/spring-context/3.0.5.RELEASE/spring-context-3.0.5.RELEASE.jar:/home/excilys/.m2/repository/org/springframework/spring-asm/3.0.5.RELEASE/spring-asm-3.0.5.RELEASE.jar:/home/excilys/.m2/repository/junit/junit/4.0/junit-4.0.jar:/home/excilys/.m2/repository/org/slf4j/jcl-over-slf4j/1.6.1/jcl-over-slf4j-1.6.1.jar:/home/excilys/.m2/repository/org/slf4j/slf4j-api/1.6.1/slf4j-api-1.6.1.jar:"/>
    <property name="java.specification.name" value="Java Platform API Specification"/>
    <property name="java.class.version" value="50.0"/>
    <property name="sun.management.compiler" value="HotSpot Tiered Compilers"/>
    <property name="os.version" value="2.6.31-22-generic-pae"/>
    <property name="user.home" value="/home/excilys"/>
    <property name="user.timezone" value="Europe/Paris"/>
    <property name="java.awt.printerjob" value="sun.print.PSPrinterJob"/>
    <property name="file.encoding" value="UTF-8"/>
    <property name="java.specification.version" value="1.6"/>
    <property name="user.name" value="excilys"/>
    <property name="java.class.path" value="/home/excilys/Desktop/Formation/Workspace/projet-banque/projet-banque-dao-impl/target/test-classes:/home/excilys/Desktop/Formation/Workspace/projet-banque/projet-banque-dao-impl/target/classes:/home/excilys/Desktop/Formation/Workspace/projet-banque/projet-banque-dao-api/target/classes:/home/excilys/Desktop/Formation/Workspace/projet-banque/projet-banque-model/target/classes:/home/excilys/.m2/repository/org/hibernate/javax/persistence/hibernate-jpa-2.0-api/1.0.0.Final/hibernate-jpa-2.0-api-1.0.0.Final.jar:/home/excilys/.m2/repository/org/hibernate/hibernate-core/3.6.1.Final/hibernate-core-3.6.1.Final.jar:/home/excilys/.m2/repository/antlr/antlr/2.7.6/antlr-2.7.6.jar:/home/excilys/.m2/repository/commons-collections/commons-collections/3.1/commons-collections-3.1.jar:/home/excilys/.m2/repository/dom4j/dom4j/1.6.1/dom4j-1.6.1.jar:/home/excilys/.m2/repository/org/hibernate/hibernate-commons-annotations/3.2.0.Final/hibernate-commons-annotations-3.2.0.Final.jar:/home/excilys/.m2/repository/mysql/mysql-connector-java/5.1.14/mysql-connector-java-5.1.14.jar:/home/excilys/.m2/repository/javassist/javassist/3.12.1.GA/javassist-3.12.1.GA.jar:/home/excilys/.m2/repository/javax/transaction/jta/1.1/jta-1.1.jar:/home/excilys/.m2/repository/org/springframework/spring-orm/3.0.5.RELEASE/spring-orm-3.0.5.RELEASE.jar:/home/excilys/.m2/repository/org/springframework/spring-beans/3.0.5.RELEASE/spring-beans-3.0.5.RELEASE.jar:/home/excilys/.m2/repository/org/springframework/spring-core/3.0.5.RELEASE/spring-core-3.0.5.RELEASE.jar:/home/excilys/.m2/repository/commons-logging/commons-logging/99.0-does-not-exist/commons-logging-99.0-does-not-exist.jar:/home/excilys/.m2/repository/org/springframework/spring-jdbc/3.0.5.RELEASE/spring-jdbc-3.0.5.RELEASE.jar:/home/excilys/.m2/repository/org/springframework/spring-tx/3.0.5.RELEASE/spring-tx-3.0.5.RELEASE.jar:/home/excilys/.m2/repository/aopalliance/aopalliance/1.0/aopalliance-1.0.jar:/home/excilys/.m2/repository/org/springframework/security/spring-security-core/3.0.5.RELEASE/spring-security-core-3.0.5.RELEASE.jar:/home/excilys/.m2/repository/org/springframework/spring-expression/3.0.3.RELEASE/spring-expression-3.0.3.RELEASE.jar:/home/excilys/.m2/repository/org/springframework/spring-aop/3.0.3.RELEASE/spring-aop-3.0.3.RELEASE.jar:/home/excilys/.m2/repository/org/aspectj/aspectjrt/1.6.8/aspectjrt-1.6.8.jar:/home/excilys/.m2/repository/org/aspectj/aspectjweaver/1.6.8/aspectjweaver-1.6.8.jar:/home/excilys/.m2/repository/org/springframework/spring-context/3.0.5.RELEASE/spring-context-3.0.5.RELEASE.jar:/home/excilys/.m2/repository/org/springframework/spring-asm/3.0.5.RELEASE/spring-asm-3.0.5.RELEASE.jar:/home/excilys/.m2/repository/junit/junit/4.0/junit-4.0.jar:/home/excilys/.m2/repository/org/slf4j/jcl-over-slf4j/1.6.1/jcl-over-slf4j-1.6.1.jar:/home/excilys/.m2/repository/org/slf4j/slf4j-api/1.6.1/slf4j-api-1.6.1.jar:"/>
    <property name="java.vm.specification.version" value="1.0"/>
    <property name="sun.arch.data.model" value="32"/>
    <property name="java.home" value="/opt/jdk1.6.0_23/jre"/>
    <property name="java.specification.vendor" value="Sun Microsystems Inc."/>
    <property name="user.language" value="en"/>
    <property name="java.vm.info" value="mixed mode"/>
    <property name="java.version" value="1.6.0_23"/>
    <property name="java.ext.dirs" value="/opt/jdk1.6.0_23/jre/lib/ext:/usr/java/packages/lib/ext"/>
    <property name="sun.boot.class.path" value="/opt/jdk1.6.0_23/jre/lib/resources.jar:/opt/jdk1.6.0_23/jre/lib/rt.jar:/opt/jdk1.6.0_23/jre/lib/sunrsasign.jar:/opt/jdk1.6.0_23/jre/lib/jsse.jar:/opt/jdk1.6.0_23/jre/lib/jce.jar:/opt/jdk1.6.0_23/jre/lib/charsets.jar:/opt/jdk1.6.0_23/jre/lib/modules/jdk.boot.jar:/opt/jdk1.6.0_23/jre/classes"/>
    <property name="java.vendor" value="Sun Microsystems Inc."/>
    <property name="localRepository" value="/home/excilys/.m2/repository"/>
    <property name="file.separator" value="/"/>
    <property name="java.vendor.url.bug" value="http://java.sun.com/cgi-bin/bugreport.cgi"/>
    <property name="sun.cpu.endian" value="little"/>
    <property name="sun.io.unicode.encoding" value="UnicodeLittle"/>
    <property name="sun.desktop" value="gnome"/>
    <property name="sun.cpu.isalist" value=""/>
  </properties>
  <testcase time="0.302" classname="com.excilys.projet.banque.dao.impl.AuthDAOImplTest" name="saveTest"/>
  <testcase time="0.019" classname="com.excilys.projet.banque.dao.impl.AuthDAOImplTest" name="findAllTest"/>
  <testcase time="0.052" classname="com.excilys.projet.banque.dao.impl.AuthDAOImplTest" name="findByIdTest">
    <error message="Could not execute JDBC batch update; SQL [insert into auth (login, password, enabled, id_fk) values (?, ?, ?, ?)]; constraint [null]; nested exception is org.hibernate.exception.ConstraintViolationException: Could not execute JDBC batch update" type="org.springframework.dao.DataIntegrityViolationException">org.springframework.dao.DataIntegrityViolationException: Could not execute JDBC batch update; SQL [insert into auth (login, password, enabled, id_fk) values (?, ?, ?, ?)]; constraint [null]; nested exception is org.hibernate.exception.ConstraintViolationException: Could not execute JDBC batch update
	at org.springframework.orm.hibernate3.SessionFactoryUtils.convertHibernateAccessException(SessionFactoryUtils.java:637)
	at org.springframework.orm.hibernate3.HibernateAccessor.convertHibernateAccessException(HibernateAccessor.java:412)
	at org.springframework.orm.hibernate3.HibernateTemplate.doExecute(HibernateTemplate.java:411)
	at org.springframework.orm.hibernate3.HibernateTemplate.executeWithNativeSession(HibernateTemplate.java:374)
	at org.springframework.orm.hibernate3.HibernateTemplate.save(HibernateTemplate.java:683)
	at com.excilys.projet.banque.dao.impl.AuthDAOImpl.save(AuthDAOImpl.java:33)
	at com.excilys.projet.banque.dao.impl.AuthDAOImplTest.findByIdTest(AuthDAOImplTest.java:56)
	at sun.reflect.NativeMethodAccessorImpl.invoke0(Native Method)
	at sun.reflect.NativeMethodAccessorImpl.invoke(NativeMethodAccessorImpl.java:39)
	at sun.reflect.DelegatingMethodAccessorImpl.invoke(DelegatingMethodAccessorImpl.java:25)
	at java.lang.reflect.Method.invoke(Method.java:597)
	at org.junit.internal.runners.TestMethodRunner.executeMethodBody(TestMethodRunner.java:99)
	at org.junit.internal.runners.TestMethodRunner.runUnprotected(TestMethodRunner.java:81)
	at org.junit.internal.runners.BeforeAndAfterRunner.runProtected(BeforeAndAfterRunner.java:34)
	at org.junit.internal.runners.TestMethodRunner.runMethod(TestMethodRunner.java:75)
	at org.junit.internal.runners.TestMethodRunner.run(TestMethodRunner.java:45)
	at org.junit.internal.runners.TestClassMethodsRunner.invokeTestMethod(TestClassMethodsRunner.java:71)
	at org.junit.internal.runners.TestClassMethodsRunner.run(TestClassMethodsRunner.java:35)
	at org.junit.internal.runners.TestClassRunner$1.runUnprotected(TestClassRunner.java:42)
	at org.junit.internal.runners.BeforeAndAfterRunner.runProtected(BeforeAndAfterRunner.java:34)
	at org.junit.internal.runners.TestClassRunner.run(TestClassRunner.java:52)
	at org.apache.maven.surefire.junit4.JUnit4TestSet.execute(JUnit4TestSet.java:35)
	at org.apache.maven.surefire.junit4.JUnit4Provider.executeTestSet(JUnit4Provider.java:146)
	at org.apache.maven.surefire.junit4.JUnit4Provider.invoke(JUnit4Provider.java:97)
	at sun.reflect.NativeMethodAccessorImpl.invoke0(Native Method)
	at sun.reflect.NativeMethodAccessorImpl.invoke(NativeMethodAccessorImpl.java:39)
	at sun.reflect.DelegatingMethodAccessorImpl.invoke(DelegatingMethodAccessorImpl.java:25)
	at java.lang.reflect.Method.invoke(Method.java:597)
	at org.apache.maven.surefire.booter.ProviderFactory$ClassLoaderProxy.invoke(ProviderFactory.java:103)
	at $Proxy0.invoke(Unknown Source)
	at org.apache.maven.surefire.booter.SurefireStarter.invokeProvider(SurefireStarter.java:145)
	at org.apache.maven.surefire.booter.SurefireStarter.runSuitesInProcess(SurefireStarter.java:87)
	at org.apache.maven.surefire.booter.ForkedBooter.main(ForkedBooter.java:69)
Caused by: org.hibernate.exception.ConstraintViolationException: Could not execute JDBC batch update
	at org.hibernate.exception.SQLStateConverter.convert(SQLStateConverter.java:96)
	at org.hibernate.exception.JDBCExceptionHelper.convert(JDBCExceptionHelper.java:66)
	at org.hibernate.jdbc.AbstractBatcher.executeBatch(AbstractBatcher.java:275)
	at org.hibernate.engine.ActionQueue.executeActions(ActionQueue.java:268)
	at org.hibernate.engine.ActionQueue.executeActions(ActionQueue.java:184)
	at org.hibernate.event.def.AbstractFlushingEventListener.performExecutions(AbstractFlushingEventListener.java:321)
	at org.hibernate.event.def.DefaultFlushEventListener.onFlush(DefaultFlushEventListener.java:51)
	at org.hibernate.impl.SessionImpl.flush(SessionImpl.java:1216)
	at org.springframework.orm.hibernate3.HibernateAccessor.flushIfNecessary(HibernateAccessor.java:390)
	at org.springframework.orm.hibernate3.HibernateTemplate.doExecute(HibernateTemplate.java:407)
	... 30 more
Caused by: java.sql.BatchUpdateException: Duplicate entry &apos;login623&apos; for key &apos;login&apos;
	at com.mysql.jdbc.PreparedStatement.executeBatchSerially(PreparedStatement.java:2018)
	at com.mysql.jdbc.PreparedStatement.executeBatch(PreparedStatement.java:1449)
	at org.hibernate.jdbc.BatchingBatcher.doExecuteBatch(BatchingBatcher.java:70)
	at org.hibernate.jdbc.AbstractBatcher.executeBatch(AbstractBatcher.java:268)
	... 37 more
</error>
    <system-out>Hibernate: select auth0_.id_fk as id1_8_, auth0_.login as login8_, auth0_.password as password8_, auth0_.enabled as enabled8_ from auth auth0_
Hibernate: select client0_.id as id7_0_, comptes1_.id as id6_1_, client0_.nom as nom7_0_, client0_.adresse as adresse7_0_, client0_.date_last_con as date4_7_0_, comptes1_.libelle as libelle6_1_, comptes1_.solde_courant as solde3_6_1_, comptes1_.client_fk as client4_6_1_, comptes1_.client_fk as client4_7_0__, comptes1_.id as id0__ from client client0_ left outer join compte comptes1_ on client0_.id=comptes1_.client_fk where client0_.id=?
Hibernate: insert into auth (login, password, enabled, id_fk) values (?, ?, ?, ?)
</system-out>
  </testcase>
  <testcase time="0.058" classname="com.excilys.projet.banque.dao.impl.AuthDAOImplTest" name="findByLoginTest">
    <failure message="Echec du equals" type="java.lang.AssertionError">java.lang.AssertionError: Echec du equals
	at org.junit.Assert.fail(Assert.java:58)
	at org.junit.Assert.assertTrue(Assert.java:27)
	at com.excilys.projet.banque.dao.impl.AuthDAOImplTest.findByLoginTest(AuthDAOImplTest.java:72)
	at sun.reflect.NativeMethodAccessorImpl.invoke0(Native Method)
	at sun.reflect.NativeMethodAccessorImpl.invoke(NativeMethodAccessorImpl.java:39)
	at sun.reflect.DelegatingMethodAccessorImpl.invoke(DelegatingMethodAccessorImpl.java:25)
	at java.lang.reflect.Method.invoke(Method.java:597)
	at org.junit.internal.runners.TestMethodRunner.executeMethodBody(TestMethodRunner.java:99)
	at org.junit.internal.runners.TestMethodRunner.runUnprotected(TestMethodRunner.java:81)
	at org.junit.internal.runners.BeforeAndAfterRunner.runProtected(BeforeAndAfterRunner.java:34)
	at org.junit.internal.runners.TestMethodRunner.runMethod(TestMethodRunner.java:75)
	at org.junit.internal.runners.TestMethodRunner.run(TestMethodRunner.java:45)
	at org.junit.internal.runners.TestClassMethodsRunner.invokeTestMethod(TestClassMethodsRunner.java:71)
	at org.junit.internal.runners.TestClassMethodsRunner.run(TestClassMethodsRunner.java:35)
	at org.junit.internal.runners.TestClassRunner$1.runUnprotected(TestClassRunner.java:42)
	at org.junit.internal.runners.BeforeAndAfterRunner.runProtected(BeforeAndAfterRunner.java:34)
	at org.junit.internal.runners.TestClassRunner.run(TestClassRunner.java:52)
	at org.apache.maven.surefire.junit4.JUnit4TestSet.execute(JUnit4TestSet.java:35)
	at org.apache.maven.surefire.junit4.JUnit4Provider.executeTestSet(JUnit4Provider.java:146)
	at org.apache.maven.surefire.junit4.JUnit4Provider.invoke(JUnit4Provider.java:97)
	at sun.reflect.NativeMethodAccessorImpl.invoke0(Native Method)
	at sun.reflect.NativeMethodAccessorImpl.invoke(NativeMethodAccessorImpl.java:39)
	at sun.reflect.DelegatingMethodAccessorImpl.invoke(DelegatingMethodAccessorImpl.java:25)
	at java.lang.reflect.Method.invoke(Method.java:597)
	at org.apache.maven.surefire.booter.ProviderFactory$ClassLoaderProxy.invoke(ProviderFactory.java:103)
	at $Proxy0.invoke(Unknown Source)
	at org.apache.maven.surefire.booter.SurefireStarter.invokeProvider(SurefireStarter.java:145)
	at org.apache.maven.surefire.booter.SurefireStarter.runSuitesInProcess(SurefireStarter.java:87)
	at org.apache.maven.surefire.booter.ForkedBooter.main(ForkedBooter.java:69)
</failure>
    <system-out>Hibernate: select auth0_.id_fk as id1_8_, auth0_.login as login8_, auth0_.password as password8_, auth0_.enabled as enabled8_ from auth auth0_
Hibernate: select client0_.id as id7_0_, comptes1_.id as id6_1_, client0_.nom as nom7_0_, client0_.adresse as adresse7_0_, client0_.date_last_con as date4_7_0_, comptes1_.libelle as libelle6_1_, comptes1_.solde_courant as solde3_6_1_, comptes1_.client_fk as client4_6_1_, comptes1_.client_fk as client4_7_0__, comptes1_.id as id0__ from client client0_ left outer join compte comptes1_ on client0_.id=comptes1_.client_fk where client0_.id=?
Hibernate: insert into auth (login, password, enabled, id_fk) values (?, ?, ?, ?)
Hibernate: select auth0_.id_fk as id1_8_0_, client1_.id as id7_1_, auth0_.login as login8_0_, auth0_.password as password8_0_, auth0_.enabled as enabled8_0_, client1_.nom as nom7_1_, client1_.adresse as adresse7_1_, client1_.date_last_con as date4_7_1_ from auth auth0_ left outer join client client1_ on auth0_.id_fk=client1_.id where auth0_.login=?
</system-out>
  </testcase>
  <testcase time="0.041" classname="com.excilys.projet.banque.dao.impl.AuthDAOImplTest" name="findAuthByClientTest">
    <failure message="Echec du equals" type="java.lang.AssertionError">java.lang.AssertionError: Echec du equals
	at org.junit.Assert.fail(Assert.java:58)
	at org.junit.Assert.assertTrue(Assert.java:27)
	at com.excilys.projet.banque.dao.impl.AuthDAOImplTest.findAuthByClientTest(AuthDAOImplTest.java:89)
	at sun.reflect.NativeMethodAccessorImpl.invoke0(Native Method)
	at sun.reflect.NativeMethodAccessorImpl.invoke(NativeMethodAccessorImpl.java:39)
	at sun.reflect.DelegatingMethodAccessorImpl.invoke(DelegatingMethodAccessorImpl.java:25)
	at java.lang.reflect.Method.invoke(Method.java:597)
	at org.junit.internal.runners.TestMethodRunner.executeMethodBody(TestMethodRunner.java:99)
	at org.junit.internal.runners.TestMethodRunner.runUnprotected(TestMethodRunner.java:81)
	at org.junit.internal.runners.BeforeAndAfterRunner.runProtected(BeforeAndAfterRunner.java:34)
	at org.junit.internal.runners.TestMethodRunner.runMethod(TestMethodRunner.java:75)
	at org.junit.internal.runners.TestMethodRunner.run(TestMethodRunner.java:45)
	at org.junit.internal.runners.TestClassMethodsRunner.invokeTestMethod(TestClassMethodsRunner.java:71)
	at org.junit.internal.runners.TestClassMethodsRunner.run(TestClassMethodsRunner.java:35)
	at org.junit.internal.runners.TestClassRunner$1.runUnprotected(TestClassRunner.java:42)
	at org.junit.internal.runners.BeforeAndAfterRunner.runProtected(BeforeAndAfterRunner.java:34)
	at org.junit.internal.runners.TestClassRunner.run(TestClassRunner.java:52)
	at org.apache.maven.surefire.junit4.JUnit4TestSet.execute(JUnit4TestSet.java:35)
	at org.apache.maven.surefire.junit4.JUnit4Provider.executeTestSet(JUnit4Provider.java:146)
	at org.apache.maven.surefire.junit4.JUnit4Provider.invoke(JUnit4Provider.java:97)
	at sun.reflect.NativeMethodAccessorImpl.invoke0(Native Method)
	at sun.reflect.NativeMethodAccessorImpl.invoke(NativeMethodAccessorImpl.java:39)
	at sun.reflect.DelegatingMethodAccessorImpl.invoke(DelegatingMethodAccessorImpl.java:25)
	at java.lang.reflect.Method.invoke(Method.java:597)
	at org.apache.maven.surefire.booter.ProviderFactory$ClassLoaderProxy.invoke(ProviderFactory.java:103)
	at $Proxy0.invoke(Unknown Source)
	at org.apache.maven.surefire.booter.SurefireStarter.invokeProvider(SurefireStarter.java:145)
	at org.apache.maven.surefire.booter.SurefireStarter.runSuitesInProcess(SurefireStarter.java:87)
	at org.apache.maven.surefire.booter.ForkedBooter.main(ForkedBooter.java:69)
</failure>
    <system-out>Hibernate: select auth0_.id_fk as id1_8_, auth0_.login as login8_, auth0_.password as password8_, auth0_.enabled as enabled8_ from auth auth0_
Hibernate: select client0_.id as id7_0_, comptes1_.id as id6_1_, client0_.nom as nom7_0_, client0_.adresse as adresse7_0_, client0_.date_last_con as date4_7_0_, comptes1_.libelle as libelle6_1_, comptes1_.solde_courant as solde3_6_1_, comptes1_.client_fk as client4_6_1_, comptes1_.client_fk as client4_7_0__, comptes1_.id as id0__ from client client0_ left outer join compte comptes1_ on client0_.id=comptes1_.client_fk where client0_.id=?
Hibernate: insert into auth (login, password, enabled, id_fk) values (?, ?, ?, ?)
Auth [id=24, login=login414, password=6440297652cc7fa559cff9d9b7f4b050154d7f6d, enabled=1, client=23]
Hibernate: select auth0_.id_fk as id1_8_0_, client1_.id as id7_1_, auth0_.login as login8_0_, auth0_.password as password8_0_, auth0_.enabled as enabled8_0_, client1_.nom as nom7_1_, client1_.adresse as adresse7_1_, client1_.date_last_con as date4_7_1_ from auth auth0_ left outer join client client1_ on auth0_.id_fk=client1_.id where auth0_.id_fk=?
Auth [id=23, login=login343, password=6440297652cc7fa559cff9d9b7f4b050154d7f6d, enabled=1, client=23]
</system-out>
  </testcase>
</testsuite>